<?xml version="1.0" encoding="UTF-8"?>
<!-- Generated by org.testng.reporters.JUnitReportReporter -->
<testsuite hostname="DESKTOP-9O2LF2D" failures="0" tests="1" name="com.facebook.web.automation.login.Test_Login" time="13.402" errors="0" timestamp="2023-09-15T15:59:51 IST" skipped="0">
  <testcase classname="com.facebook.web.automation.login.Test_Login" name="verify_successfullyLogintothePortal" time="13.402"/>
  <system-out/>
</testsuite> <!-- com.facebook.web.automation.login.Test_Login -->
